generate site ... ok

Name                 Stmts   Miss Branch BrMiss  Cover   Missing
----------------------------------------------------------------
quilt                    4      0      0      0   100%   
quilt.Blog              86      1     12      2    97%   220
quilt.Constants         72      0      0      0   100%   
quilt.Markdown          72     19      0      0    74%   62-66, 73-76, 82-85, 91-94, 100-103
quilt.Quilter          234     26    126     32    84%   44-48, 110, 136, 151, 159, 171, 180, 215-219, 242, 248, 263, 276, 288, 293, 365, 375, 453, 463, 465, 470, 478
quilt.QuiltingRoom     322      2    112     21    95%   159, 471
quilt.Util             269     54     87     36    75%   120, 409-410, 421-437, 443-455, 478-482, 509-510, 512, 548-566, 576
tests                    1      0      0      0   100%   
tests.test              11      0      0      0   100%   
----------------------------------------------------------------
TOTAL                 1071    102    337     91    86%   
----------------------------------------------------------------------
Ran 1 test in 11.937s

OK
