generate site ... ok

Name                 Stmts   Miss Branch BrMiss  Cover   Missing
----------------------------------------------------------------
quilt                    4      0      0      0   100%   
quilt.Blog              86      1     12      2    97%   220
quilt.Constants         71      0      0      0   100%   
quilt.Markdown          72      3      0      0    96%   73-76
quilt.Quilter          237     26    130     32    84%   44-48, 102, 128, 143, 151, 163, 172, 207-211, 234, 240, 255, 268, 280, 285, 301, 311, 378, 388, 390, 395, 403
quilt.QuiltingRoom     324      2    112     21    95%   159, 474
quilt.Util             284     54    103     36    77%   118, 370-371, 382-398, 404-416, 439-443, 455-456, 458, 493-511, 523
tests                    1      0      0      0   100%   
tests.test              11      0      0      0   100%   
----------------------------------------------------------------
TOTAL                 1090     86    357     91    88%   
----------------------------------------------------------------------
Ran 1 test in 13.711s

OK
